{
  "stats": {
    "suites": 2,
    "tests": 2,
    "passes": 2,
    "pending": 0,
    "failures": 0,
    "start": "2022-04-20T14:10:52.714Z",
    "end": "2022-04-20T14:11:17.756Z",
    "duration": 25042,
    "testsRegistered": 2,
    "passPercent": 100,
    "pendingPercent": 0,
    "other": 0,
    "hasOther": false,
    "skipped": 0,
    "hasSkipped": false
  },
  "results": [
    {
      "uuid": "47718da3-7a14-42a7-b30b-8789a3509efd",
      "title": "",
      "fullFile": "",
      "file": "",
      "beforeHooks": [],
      "afterHooks": [],
      "tests": [],
      "suites": [
        {
          "uuid": "61ed8fcd-15d7-4211-a8ec-a99d871c2a96",
          "title": "Login",
          "fullFile": "D:\\qazando-mobile\\features\\basic.feature",
          "file": "\\features\\basic.feature",
          "beforeHooks": [
            {
              "title": "\"before all\" hook: codeceptjs.beforeSuite in \"Login\"",
              "fullTitle": "Login \"before all\" hook: codeceptjs.beforeSuite in \"Login\"",
              "timedOut": false,
              "duration": 2,
              "state": null,
              "speed": null,
              "pass": false,
              "fail": false,
              "pending": false,
              "context": null,
              "code": "scenario.suiteSetup(suite)",
              "err": {},
              "uuid": "7ab0b418-4dd1-4244-9aff-23922d67c907",
              "parentUUID": "61ed8fcd-15d7-4211-a8ec-a99d871c2a96",
              "isHook": true,
              "skipped": false
            },
            {
              "title": "\"before each\" hook: codeceptjs.before in \"Login\"",
              "fullTitle": "Login \"before each\" hook: codeceptjs.before in \"Login\"",
              "timedOut": false,
              "duration": 4397,
              "state": null,
              "speed": null,
              "pass": false,
              "fail": false,
              "pending": false,
              "context": null,
              "code": "scenario.setup(suite)",
              "err": {},
              "uuid": "828f2496-96bc-4bfb-8d29-824acc248c1b",
              "parentUUID": "61ed8fcd-15d7-4211-a8ec-a99d871c2a96",
              "isHook": true,
              "skipped": false
            }
          ],
          "afterHooks": [
            {
              "title": "\"after all\" hook: codeceptjs.afterSuite in \"Login\"",
              "fullTitle": "Login \"after all\" hook: codeceptjs.afterSuite in \"Login\"",
              "timedOut": false,
              "duration": 0,
              "state": null,
              "speed": null,
              "pass": false,
              "fail": false,
              "pending": false,
              "context": null,
              "code": "scenario.suiteTeardown(suite)",
              "err": {},
              "uuid": "bfc079eb-d9b1-49cb-9e30-46f3ad4915fd",
              "parentUUID": "61ed8fcd-15d7-4211-a8ec-a99d871c2a96",
              "isHook": true,
              "skipped": false
            },
            {
              "title": "\"after each\" hook: codeceptjs.after in \"Login\"",
              "fullTitle": "Login \"after each\" hook: codeceptjs.after in \"Login\"",
              "timedOut": false,
              "duration": 215,
              "state": null,
              "speed": null,
              "pass": false,
              "fail": false,
              "pending": false,
              "context": null,
              "code": "scenario.teardown(suite)",
              "err": {},
              "uuid": "d4b66bfa-e8f7-4106-8810-05f57afe64f3",
              "parentUUID": "61ed8fcd-15d7-4211-a8ec-a99d871c2a96",
              "isHook": true,
              "skipped": false
            }
          ],
          "tests": [
            {
              "title": "Login with success",
              "fullTitle": "Login Login with success",
              "timedOut": false,
              "duration": 5979,
              "state": "passed",
              "speed": "slow",
              "pass": true,
              "fail": false,
              "pending": false,
              "context": null,
              "code": "runSteps(child.steps)",
              "err": {},
              "uuid": "467377c1-6fca-40d3-98a5-934e5270453b",
              "parentUUID": "61ed8fcd-15d7-4211-a8ec-a99d871c2a96",
              "isHook": false,
              "skipped": false
            }
          ],
          "suites": [],
          "passes": [
            "467377c1-6fca-40d3-98a5-934e5270453b"
          ],
          "failures": [],
          "pending": [],
          "skipped": [],
          "duration": 5979,
          "root": false,
          "rootEmpty": false,
          "_timeout": 0
        },
        {
          "uuid": "7f151e05-cb07-4943-a20b-513609d0d35d",
          "title": "Students",
          "fullFile": "D:\\qazando-mobile\\steps\\students_test.js",
          "file": "\\steps\\students_test.js",
          "beforeHooks": [
            {
              "title": "\"before all\" hook: codeceptjs.beforeSuite in \"Students\"",
              "fullTitle": "Students \"before all\" hook: codeceptjs.beforeSuite in \"Students\"",
              "timedOut": false,
              "duration": 0,
              "state": null,
              "speed": null,
              "pass": false,
              "fail": false,
              "pending": false,
              "context": null,
              "code": "scenario.suiteSetup(suite)",
              "err": {},
              "uuid": "804bae48-6999-4d9a-9ebb-ee7f1c79beea",
              "parentUUID": "7f151e05-cb07-4943-a20b-513609d0d35d",
              "isHook": true,
              "skipped": false
            },
            {
              "title": "\"before each\" hook: codeceptjs.before in \"Students\"",
              "fullTitle": "Students \"before each\" hook: codeceptjs.before in \"Students\"",
              "timedOut": false,
              "duration": 4572,
              "state": null,
              "speed": null,
              "pass": false,
              "fail": false,
              "pending": false,
              "context": null,
              "code": "scenario.setup(suite)",
              "err": {},
              "uuid": "515542d3-dcc1-414b-918d-8f7119610346",
              "parentUUID": "7f151e05-cb07-4943-a20b-513609d0d35d",
              "isHook": true,
              "skipped": false
            }
          ],
          "afterHooks": [
            {
              "title": "\"after all\" hook: codeceptjs.afterSuite in \"Students\"",
              "fullTitle": "Students \"after all\" hook: codeceptjs.afterSuite in \"Students\"",
              "timedOut": false,
              "duration": 0,
              "state": null,
              "speed": null,
              "pass": false,
              "fail": false,
              "pending": false,
              "context": null,
              "code": "scenario.suiteTeardown(suite)",
              "err": {},
              "uuid": "6a13a62f-70f8-4328-9f0d-6911d35a1142",
              "parentUUID": "7f151e05-cb07-4943-a20b-513609d0d35d",
              "isHook": true,
              "skipped": false
            },
            {
              "title": "\"after each\" hook: finalize codeceptjs in \"Students\"",
              "fullTitle": "Students \"after each\" hook: finalize codeceptjs in \"Students\"",
              "timedOut": false,
              "duration": 176,
              "state": null,
              "speed": null,
              "pass": false,
              "fail": false,
              "pending": false,
              "context": null,
              "code": "scenario.teardown(suite)",
              "err": {},
              "uuid": "1e0af424-6eed-4cd8-8174-a74d6d0234f5",
              "parentUUID": "7f151e05-cb07-4943-a20b-513609d0d35d",
              "isHook": true,
              "skipped": false
            }
          ],
          "tests": [
            {
              "title": "Add student with sucess",
              "fullTitle": "Students: Add student with sucess",
              "timedOut": false,
              "duration": 9692,
              "state": "passed",
              "speed": "slow",
              "pass": true,
              "fail": false,
              "pending": false,
              "context": null,
              "code": "const myCode = code.getCode()\nconst myName = name.getName()\n\n  login_page.doLogin(\"teste@teste.com\", \"123456\");\n  home_page.registerStudent(myCode, myName)\n  home_page.searchStudent(myName, myCode)",
              "err": {},
              "uuid": "c5b2fc74-6d67-4fdb-9f7e-7059cb4f1e3b",
              "parentUUID": "7f151e05-cb07-4943-a20b-513609d0d35d",
              "isHook": false,
              "skipped": false
            }
          ],
          "suites": [],
          "passes": [
            "c5b2fc74-6d67-4fdb-9f7e-7059cb4f1e3b"
          ],
          "failures": [],
          "pending": [],
          "skipped": [],
          "duration": 9692,
          "root": false,
          "rootEmpty": false,
          "_timeout": 0
        }
      ],
      "passes": [],
      "failures": [],
      "pending": [],
      "skipped": [],
      "duration": 0,
      "root": true,
      "rootEmpty": true,
      "_timeout": 0
    }
  ],
  "meta": {
    "mocha": {
      "version": "9.2.2"
    },
    "mochawesome": {
      "options": {
        "quiet": false,
        "reportFilename": "mochawesome",
        "saveHtml": true,
        "saveJson": true,
        "consoleReporter": "spec",
        "useInlineDiffs": false,
        "code": true
      },
      "version": "7.1.3"
    },
    "marge": {
      "options": {},
      "version": "6.2.0"
    }
  }
}